<?xml version="1.0" encoding="UTF-8"?>
<testsuite name="Scenario: Add 5 apples to stock" tests="4" skipped="0" failures="0" errors="0" timestamp="2020-10-18T03:45:11" hostname="DESKTOP-4GFFFBL" time="0.001">
  <properties/>
  <testcase name="Given Stock of apples is 3" classname="Scenario: Add 5 apples to stock" time="0.0"/>
  <testcase name="When Trying to add 5" classname="Scenario: Add 5 apples to stock" time="0.001"/>
  <testcase name="Then Stock should be 8" classname="Scenario: Add 5 apples to stock" time="0.0"/>
  <testcase name="classMethod" classname="Scenario: Add 5 apples to stock" time="0.002"/>
  <system-out><![CDATA[]]></system-out>
  <system-err><![CDATA[]]></system-err>
</testsuite>
