<?xml version="1.0" encoding="UTF-8"?>
<testsuite name="stock_operations.CucumberTest" tests="0" skipped="0" failures="0" errors="0" timestamp="1970-01-01T00:00:00" hostname="DESKTOP-4GFFFBL" time="0.0">
  <properties/>
  <system-out><![CDATA[
3 Scenarios (?[32m3 passed?[0m)
10 Steps (?[32m10 passed?[0m)
0m0,155s

]]></system-out>
  <system-err><![CDATA[]]></system-err>
</testsuite>
